Using pre-set license
Built from '2020.3/staging' branch; Version is '2020.3.22f1 (e1a7f79fd887) revision 14788599'; Using compiler version '192528614'; Build Type 'Release'
OS: 'Windows 10 Home Single Language; OS build 19042.1415; Version 2009; 64bit' Language: 'en' Physical Memory: 8042 MB
BatchMode: 1, IsHumanControllingUs: 0, StartBugReporterOnCrash: 0, Is64bit: 1, IsPro: 0

COMMAND LINE ARGUMENTS:
C:\Program Files\Unity\Hub\Editor\2020.3.22f1\Editor\Unity.exe
-adb2
-batchMode
-noUpm
-name
AssetImportWorker0
-projectPath
E:/cs222/Lab3_354
-logFile
Logs/AssetImportWorker0.log
-srvPort
4431
Successfully changed project path to: E:/cs222/Lab3_354
E:/cs222/Lab3_354
Using Asset Import Pipeline V2.
Refreshing native plugins compatible for Editor in 28.12 ms, found 2 plugins.
Preloading 0 native plugins for Editor in 0.00 ms.
Initialize engine version: 2020.3.22f1 (e1a7f79fd887)
[Subsystems] Discovering subsystems at path C:/Program Files/Unity/Hub/Editor/2020.3.22f1/Editor/Data/Resources/UnitySubsystems
[Subsystems] Discovering subsystems at path E:/cs222/Lab3_354/Assets
GfxDevice: creating device client; threaded=0
Direct3D:
    Version:  Direct3D 11.0 [level 11.1]
    Renderer: NVIDIA GeForce GTX 1050 (ID=0x1c8d)
    Vendor:   
    VRAM:     4019 MB
    Driver:   27.21.14.5763
Initialize mono
Mono path[0] = 'C:/Program Files/Unity/Hub/Editor/2020.3.22f1/Editor/Data/Managed'
Mono path[1] = 'C:/Program Files/Unity/Hub/Editor/2020.3.22f1/Editor/Data/MonoBleedingEdge/lib/mono/unityjit'
Mono config path = 'C:/Program Files/Unity/Hub/Editor/2020.3.22f1/Editor/Data/MonoBleedingEdge/etc'
Using monoOptions --debugger-agent=transport=dt_socket,embedding=1,server=y,suspend=n,address=127.0.0.1:56928
Begin MonoManager ReloadAssembly
Registering precompiled unity dll's ...
Register platform support module: C:/Program Files/Unity/Hub/Editor/2020.3.22f1/Editor/Data/PlaybackEngines/WebGLSupport/UnityEditor.WebGL.Extensions.dll
Register platform support module: C:/Program Files/Unity/Hub/Editor/2020.3.22f1/Editor/Data/PlaybackEngines/WindowsStandaloneSupport/UnityEditor.WindowsStandalone.Extensions.dll
Registered in 0.002485 seconds.
Native extension for WindowsStandalone target not found
Native extension for WebGL target not found
Refreshing native plugins compatible for Editor in 26.02 ms, found 2 plugins.
Preloading 0 native plugins for Editor in 0.00 ms.
Mono: successfully reloaded assembly
- Completed reload, in  2.006 seconds
Domain Reload Profiling:
	ReloadAssembly (2006ms)
		BeginReloadAssembly (52ms)
			ExecutionOrderSort (0ms)
			DisableScriptedObjects (0ms)
			BackupInstance (0ms)
			ReleaseScriptingObjects (0ms)
			CreateAndSetChildDomain (1ms)
		EndReloadAssembly (389ms)
			LoadAssemblies (50ms)
			RebuildTransferFunctionScriptingTraits (0ms)
			SetupTypeCache (139ms)
			ReleaseScriptCaches (0ms)
			RebuildScriptCaches (29ms)
			SetupLoadedEditorAssemblies (139ms)
				LogAssemblyErrors (0ms)
				InitializePlatformSupportModulesInManaged (4ms)
				SetLoadedEditorAssemblies (0ms)
				RefreshPlugins (26ms)
				BeforeProcessingInitializeOnLoad (11ms)
				ProcessInitializeOnLoadAttributes (72ms)
				ProcessInitializeOnLoadMethodAttributes (24ms)
				AfterProcessingInitializeOnLoad (0ms)
				EditorAssembliesLoaded (0ms)
			ExecutionOrderSort2 (0ms)
			AwakeInstancesAfterBackupRestoration (0ms)
Platform modules already initialized, skipping
Registering precompiled user dll's ...
Registered in 0.002806 seconds.
Begin MonoManager ReloadAssembly
Native extension for WindowsStandalone target not found
Native extension for WebGL target not found
Refreshing native plugins compatible for Editor in 0.32 ms, found 2 plugins.
Preloading 0 native plugins for Editor in 0.00 ms.
Mono: successfully reloaded assembly
- Completed reload, in  0.915 seconds
Domain Reload Profiling:
	ReloadAssembly (916ms)
		BeginReloadAssembly (133ms)
			ExecutionOrderSort (0ms)
			DisableScriptedObjects (5ms)
			BackupInstance (0ms)
			ReleaseScriptingObjects (0ms)
			CreateAndSetChildDomain (17ms)
		EndReloadAssembly (724ms)
			LoadAssemblies (79ms)
			RebuildTransferFunctionScriptingTraits (0ms)
			SetupTypeCache (257ms)
			ReleaseScriptCaches (0ms)
			RebuildScriptCaches (39ms)
			SetupLoadedEditorAssemblies (267ms)
				LogAssemblyErrors (0ms)
				InitializePlatformSupportModulesInManaged (5ms)
				SetLoadedEditorAssemblies (0ms)
				RefreshPlugins (0ms)
				BeforeProcessingInitializeOnLoad (73ms)
				ProcessInitializeOnLoadAttributes (173ms)
				ProcessInitializeOnLoadMethodAttributes (8ms)
				AfterProcessingInitializeOnLoad (7ms)
				EditorAssembliesLoaded (0ms)
			ExecutionOrderSort2 (0ms)
			AwakeInstancesAfterBackupRestoration (6ms)
Platform modules already initialized, skipping
========================================================================
Worker process is ready to serve import requests
Launched and connected shader compiler UnityShaderCompiler.exe after 0.07 seconds
Refreshing native plugins compatible for Editor in 0.30 ms, found 2 plugins.
Preloading 0 native plugins for Editor in 0.00 ms.
Unloading 1500 Unused Serialized files (Serialized files now loaded: 0)
System memory in use before: 67.5 MB.
System memory in use after: 67.5 MB.

Unloading 19 unused Assets to reduce memory usage. Loaded Objects now: 1933.
Total: 2.778700 ms (FindLiveObjects: 0.132000 ms CreateObjectMapping: 0.041800 ms MarkObjects: 2.539600 ms  DeleteObjects: 0.064400 ms)

AssetImportParameters requested are different than current active one (requested -> active):
  custom:framework-win-MediaFoundation: 216162199b28c13a410421893ffa2e32 -> 
  custom:video-decoder-ogg-theora: a1e56fd34408186e4bbccfd4996cb3dc -> 
  custom:container-muxer-webm: aa71ff27fc2769a1b78a27578f13a17b -> 
  custom:container-demuxer-webm: 4f35f7cbe854078d1ac9338744f61a02 -> 
  custom:container-demuxer-ogg: 62fdf1f143b41e24485cea50d1cbac27 -> 
  custom:video-encoder-webm-vp8: eb34c28f22e8b96e1ab97ce403110664 -> 
  custom:video-codec-MediaFoundation-h265: 746d11721c4dcdbdad8f713fa42b33f4 -> 
  custom:video-decoder-webm-vp8: 9c59270c3fd7afecdb556c50c9e8de78 -> 
  custom:audio-decoder-ogg-vorbis: bf7c407c2cedff20999df2af8eb42d56 -> 
  custom:audio-encoder-webm-vorbis: bf7c407c2cedff20999df2af8eb42d56 -> 
========================================================================
Received Import Request.
  path: Assets/Materials/sea.mat
  artifactKey: Guid(6a26fc2cace835c468584e401277611a) Importer(815301076,1909f56bfc062723c751e8b465ee728b)
Start importing Assets/Materials/sea.mat using Guid(6a26fc2cace835c468584e401277611a) Importer(815301076,1909f56bfc062723c751e8b465ee728b)  -> (artifact id: 'abde148de79ed0073640bdab96be4fae') in 0.095374 seconds 
  Import took 0.254522 seconds .

========================================================================
Received Import Request.
  Time since last request: 30.911393 seconds.
  path: Assets/hell.jpg
  artifactKey: Guid(dd17db14978e57f4c843a9fcd48773e2) Importer(815301076,1909f56bfc062723c751e8b465ee728b)
Start importing Assets/hell.jpg using Guid(dd17db14978e57f4c843a9fcd48773e2) Importer(815301076,1909f56bfc062723c751e8b465ee728b)  -> (artifact id: 'dfd1a6517051456dee2c402e150e840e') in 0.029189 seconds 
  Import took 0.101437 seconds .

========================================================================
Received Import Request.
  Time since last request: 0.000305 seconds.
  path: Assets/too.jpg
  artifactKey: Guid(2839c5e4fa8089d4592391e5b44df7f9) Importer(815301076,1909f56bfc062723c751e8b465ee728b)
Start importing Assets/too.jpg using Guid(2839c5e4fa8089d4592391e5b44df7f9) Importer(815301076,1909f56bfc062723c751e8b465ee728b)  -> (artifact id: '927a442f0dab47bd80a9c83c19621884') in 0.009804 seconds 
  Import took 0.074893 seconds .

========================================================================
Received Import Request.
  Time since last request: 446.947974 seconds.
  path: Assets/Materials/hell.mat
  artifactKey: Guid(85c85e587f6add24582e2f041f437db5) Importer(815301076,1909f56bfc062723c751e8b465ee728b)
Start importing Assets/Materials/hell.mat using Guid(85c85e587f6add24582e2f041f437db5) Importer(815301076,1909f56bfc062723c751e8b465ee728b)  -> (artifact id: 'c790d25083d44795aad3a5fac5384e66') in 0.048753 seconds 
  Import took 0.104549 seconds .

========================================================================
Received Import Request.
  Time since last request: 0.000306 seconds.
  path: Assets/Materials/too.mat
  artifactKey: Guid(b5f402b75b1c66845a17f7ed0dcbc273) Importer(815301076,1909f56bfc062723c751e8b465ee728b)
Start importing Assets/Materials/too.mat using Guid(b5f402b75b1c66845a17f7ed0dcbc273) Importer(815301076,1909f56bfc062723c751e8b465ee728b)  -> (artifact id: '3be3df8be6037667043b3f1711cadef5') in 0.018435 seconds 
  Import took 0.093442 seconds .

========================================================================
Received Import Request.
  Time since last request: 22.861197 seconds.
  path: Assets/gorilla.png
  artifactKey: Guid(1e393c97f553f3a41826a88c2b33f138) Importer(815301076,1909f56bfc062723c751e8b465ee728b)
Start importing Assets/gorilla.png using Guid(1e393c97f553f3a41826a88c2b33f138) Importer(815301076,1909f56bfc062723c751e8b465ee728b)  -> (artifact id: '3634aad88be25a45089bb56ab34bd2b8') in 0.029119 seconds 
  Import took 0.145573 seconds .

========================================================================
Received Import Request.
  Time since last request: 1.588428 seconds.
  path: Assets/bananas.jpg
  artifactKey: Guid(cade5806654e6f747bfa93ba3fcbc95d) Importer(815301076,1909f56bfc062723c751e8b465ee728b)
Start importing Assets/bananas.jpg using Guid(cade5806654e6f747bfa93ba3fcbc95d) Importer(815301076,1909f56bfc062723c751e8b465ee728b)  -> (artifact id: '93feb2c06ce65f4e289ca0eb72df7e37') in 0.019017 seconds 
  Import took 0.073372 seconds .

AssetImportWorkerClient::OnTransportError - code=2 error=End of file
